<?xml version="1.0" encoding="UTF-8"?>
<!-- Generated by org.testng.reporters.JUnitXMLReporter -->
<testsuite ignored="0" hostname="Window" failures="0" tests="6" name="Default test" time="16.483" errors="0" timestamp="2025-05-06T12:06:16 IST">
  <testcase classname="api.test.CreateUserFromXlData" name="testCreateUser" time="5.009"/>
  <testcase classname="api.test.CreateUserFromXlData" name="testCreateUser" time="2.709"/>
  <testcase classname="api.test.CreateUserFromXlData" name="testCreateUser" time="2.911"/>
  <testcase classname="api.test.CreateUserFromXlData" name="testDeleteUser" time="1.515"/>
  <testcase classname="api.test.CreateUserFromXlData" name="testDeleteUser" time="1.501"/>
  <testcase classname="api.test.CreateUserFromXlData" name="testDeleteUser" time="1.648"/>
</testsuite> <!-- Default test -->
