<?xml version="1.0" encoding="UTF-8"?>
<!-- Generated by org.testng.reporters.JUnitXMLReporter -->
<testsuite ignored="0" hostname="Window" failures="0" tests="4" name="Test" time="9.002" errors="0" timestamp="2025-05-05T20:24:41 IST">
  <testcase classname="api.test.UserTest" name="testPostUser" time="3.375"/>
  <testcase classname="api.test.UserTest" name="testGetUser" time="1.371"/>
  <testcase classname="api.test.UserTest" name="testUpadteUser" time="2.511"/>
  <testcase classname="api.test.UserTest" name="testdeleteUser" time="1.211"/>
</testsuite> <!-- Test -->
