<?xml version="1.0" encoding="UTF-8"?>
<testng-results ignored="0" total="3" passed="3" failed="0" skipped="0">
  <reporter-output>
  </reporter-output>
  <suite started-at="2025-05-06T16:13:45 IST" name="Default suite" finished-at="2025-05-06T16:13:58 IST" duration-ms="13222">
    <groups>
    </groups>
    <test started-at="2025-05-06T16:13:45 IST" name="Default test" finished-at="2025-05-06T16:13:58 IST" duration-ms="13222">
      <class name="api.test.PetTest">
        <test-method signature="testPostPet(java.lang.String,java.lang.String,java.lang.String,java.lang.String,java.lang.String,java.lang.String,java.lang.String)[pri:1, instance:api.test.PetTest@3754a4bf]" started-at="2025-05-06T16:13:46 IST" name="testPostPet" data-provider="petData" finished-at="2025-05-06T16:13:52 IST" duration-ms="5611" status="PASS">
          <params>
            <param index="0">
              <value>
                <![CDATA[1010]]>
              </value>
            </param>
            <param index="1">
              <value>
                <![CDATA[1]]>
              </value>
            </param>
            <param index="2">
              <value>
                <![CDATA[Bulldog]]>
              </value>
            </param>
            <param index="3">
              <value>
                <![CDATA[Clove]]>
              </value>
            </param>
            <param index="4">
              <value>
                <![CDATA[https://sl.bing.net/ce3rPYBqLdc]]>
              </value>
            </param>
            <param index="5">
              <value>
                <![CDATA[100]]>
              </value>
            </param>
            <param index="6">
              <value>
                <![CDATA[Bulldog]]>
              </value>
            </param>
          </params>
          <reporter-output>
          </reporter-output>
        </test-method> <!-- testPostPet -->
        <test-method signature="testPostPet(java.lang.String,java.lang.String,java.lang.String,java.lang.String,java.lang.String,java.lang.String,java.lang.String)[pri:1, instance:api.test.PetTest@3754a4bf]" started-at="2025-05-06T16:13:52 IST" name="testPostPet" data-provider="petData" finished-at="2025-05-06T16:13:55 IST" duration-ms="2779" status="PASS">
          <params>
            <param index="0">
              <value>
                <![CDATA[1011]]>
              </value>
            </param>
            <param index="1">
              <value>
                <![CDATA[2]]>
              </value>
            </param>
            <param index="2">
              <value>
                <![CDATA[Gloden Retriever]]>
              </value>
            </param>
            <param index="3">
              <value>
                <![CDATA[Hugo]]>
              </value>
            </param>
            <param index="4">
              <value>
                <![CDATA[https://sl.bing.net/hwz6RmmC2XQ]]>
              </value>
            </param>
            <param index="5">
              <value>
                <![CDATA[101]]>
              </value>
            </param>
            <param index="6">
              <value>
                <![CDATA[Gloden Retriever]]>
              </value>
            </param>
          </params>
          <reporter-output>
          </reporter-output>
        </test-method> <!-- testPostPet -->
        <test-method signature="testPostPet(java.lang.String,java.lang.String,java.lang.String,java.lang.String,java.lang.String,java.lang.String,java.lang.String)[pri:1, instance:api.test.PetTest@3754a4bf]" started-at="2025-05-06T16:13:55 IST" name="testPostPet" data-provider="petData" finished-at="2025-05-06T16:13:58 IST" duration-ms="3079" status="PASS">
          <params>
            <param index="0">
              <value>
                <![CDATA[1012]]>
              </value>
            </param>
            <param index="1">
              <value>
                <![CDATA[3]]>
              </value>
            </param>
            <param index="2">
              <value>
                <![CDATA[Poodle]]>
              </value>
            </param>
            <param index="3">
              <value>
                <![CDATA[Fluffy]]>
              </value>
            </param>
            <param index="4">
              <value>
                <![CDATA[https://sl.bing.net/d2fdQT5o1lc]]>
              </value>
            </param>
            <param index="5">
              <value>
                <![CDATA[102]]>
              </value>
            </param>
            <param index="6">
              <value>
                <![CDATA[Poodle]]>
              </value>
            </param>
          </params>
          <reporter-output>
          </reporter-output>
        </test-method> <!-- testPostPet -->
      </class> <!-- api.test.PetTest -->
    </test> <!-- Default test -->
  </suite> <!-- Default suite -->
</testng-results>
