<?xml version="1.0" encoding="UTF-8"?>
<testng-results ignored="0" total="6" passed="6" failed="0" skipped="0">
  <reporter-output>
  </reporter-output>
  <suite started-at="2025-05-06T12:05:59 IST" name="Default suite" finished-at="2025-05-06T12:06:16 IST" duration-ms="16483">
    <groups>
    </groups>
    <test started-at="2025-05-06T12:05:59 IST" name="Default test" finished-at="2025-05-06T12:06:16 IST" duration-ms="16483">
      <class name="api.test.CreateUserFromXlData">
        <test-method signature="testCreateUser(java.lang.String,java.lang.String,java.lang.String,java.lang.String,java.lang.String,java.lang.String)[pri:1, instance:api.test.CreateUserFromXlData@6d3c5255]" started-at="2025-05-06T12:06:00 IST" name="testCreateUser" data-provider="userdata" finished-at="2025-05-06T12:06:05 IST" duration-ms="5009" status="PASS">
          <params>
            <param index="0">
              <value>
                <![CDATA[LostPrince]]>
              </value>
            </param>
            <param index="1">
              <value>
                <![CDATA[Jon]]>
              </value>
            </param>
            <param index="2">
              <value>
                <![CDATA[Snow]]>
              </value>
            </param>
            <param index="3">
              <value>
                <![CDATA[test1@gm.com]]>
              </value>
            </param>
            <param index="4">
              <value>
                <![CDATA[test123@]]>
              </value>
            </param>
            <param index="5">
              <value>
                <![CDATA[12312]]>
              </value>
            </param>
          </params>
          <reporter-output>
          </reporter-output>
        </test-method> <!-- testCreateUser -->
        <test-method signature="testCreateUser(java.lang.String,java.lang.String,java.lang.String,java.lang.String,java.lang.String,java.lang.String)[pri:1, instance:api.test.CreateUserFromXlData@6d3c5255]" started-at="2025-05-06T12:06:05 IST" name="testCreateUser" data-provider="userdata" finished-at="2025-05-06T12:06:08 IST" duration-ms="2709" status="PASS">
          <params>
            <param index="0">
              <value>
                <![CDATA[NoName]]>
              </value>
            </param>
            <param index="1">
              <value>
                <![CDATA[Aray]]>
              </value>
            </param>
            <param index="2">
              <value>
                <![CDATA[Stark]]>
              </value>
            </param>
            <param index="3">
              <value>
                <![CDATA[test2@gm.com]]>
              </value>
            </param>
            <param index="4">
              <value>
                <![CDATA[test123@]]>
              </value>
            </param>
            <param index="5">
              <value>
                <![CDATA[12312]]>
              </value>
            </param>
          </params>
          <reporter-output>
          </reporter-output>
        </test-method> <!-- testCreateUser -->
        <test-method signature="testCreateUser(java.lang.String,java.lang.String,java.lang.String,java.lang.String,java.lang.String,java.lang.String)[pri:1, instance:api.test.CreateUserFromXlData@6d3c5255]" started-at="2025-05-06T12:06:08 IST" name="testCreateUser" data-provider="userdata" finished-at="2025-05-06T12:06:11 IST" duration-ms="2911" status="PASS">
          <params>
            <param index="0">
              <value>
                <![CDATA[GoldenPrince]]>
              </value>
            </param>
            <param index="1">
              <value>
                <![CDATA[Jaime]]>
              </value>
            </param>
            <param index="2">
              <value>
                <![CDATA[Lanister]]>
              </value>
            </param>
            <param index="3">
              <value>
                <![CDATA[test3@gm.com]]>
              </value>
            </param>
            <param index="4">
              <value>
                <![CDATA[test124@]]>
              </value>
            </param>
            <param index="5">
              <value>
                <![CDATA[12312]]>
              </value>
            </param>
          </params>
          <reporter-output>
          </reporter-output>
        </test-method> <!-- testCreateUser -->
        <test-method signature="testDeleteUser(java.lang.String)[pri:2, instance:api.test.CreateUserFromXlData@6d3c5255]" started-at="2025-05-06T12:06:11 IST" name="testDeleteUser" data-provider="Usernames" finished-at="2025-05-06T12:06:13 IST" depends-on-methods="api.test.CreateUserFromXlData.testCreateUser" duration-ms="1515" status="PASS">
          <params>
            <param index="0">
              <value>
                <![CDATA[LostPrince]]>
              </value>
            </param>
          </params>
          <reporter-output>
          </reporter-output>
        </test-method> <!-- testDeleteUser -->
        <test-method signature="testDeleteUser(java.lang.String)[pri:2, instance:api.test.CreateUserFromXlData@6d3c5255]" started-at="2025-05-06T12:06:13 IST" name="testDeleteUser" data-provider="Usernames" finished-at="2025-05-06T12:06:14 IST" depends-on-methods="api.test.CreateUserFromXlData.testCreateUser" duration-ms="1501" status="PASS">
          <params>
            <param index="0">
              <value>
                <![CDATA[NoName]]>
              </value>
            </param>
          </params>
          <reporter-output>
          </reporter-output>
        </test-method> <!-- testDeleteUser -->
        <test-method signature="testDeleteUser(java.lang.String)[pri:2, instance:api.test.CreateUserFromXlData@6d3c5255]" started-at="2025-05-06T12:06:14 IST" name="testDeleteUser" data-provider="Usernames" finished-at="2025-05-06T12:06:16 IST" depends-on-methods="api.test.CreateUserFromXlData.testCreateUser" duration-ms="1648" status="PASS">
          <params>
            <param index="0">
              <value>
                <![CDATA[GoldenPrince]]>
              </value>
            </param>
          </params>
          <reporter-output>
          </reporter-output>
        </test-method> <!-- testDeleteUser -->
      </class> <!-- api.test.CreateUserFromXlData -->
    </test> <!-- Default test -->
  </suite> <!-- Default suite -->
</testng-results>
